00:05:09.171 JDA MainWS-ReadThread      net.hypr.doki.utils.DBUtils          #doesUserRecordExist      L39    DBUtils              DEBUG  Searching DB for (usr437970062922612737,srv:445821876183367680)
00:06:54.132 JDA Gateway-Worker 1       n.d.j.i.requests.WebSocketClient     #sendKeepAlive            L737   WebSocketClient      WARN   Missed 2 heartbeats! Trying to reconnect...
00:06:54.134 JDA MainWS-ReadThread      net.hypr.doki.utils.DBUtils          #doesUserRecordExist      L44    DBUtils              DEBUG  An SQL error occurred
00:06:54.134 JDA MainWS-ReadThread      n.h.doki.listeners.LevellingListener #onMessageReceived        L56    LevellingListener    INFO   No record of user ID 437970062922612737 in server 445821876183367680, creating blank record
00:06:54.135 JDA MainWS-ReadThread      net.hypr.doki.utils.DBUtils          #createUserRecord         L58    DBUtils              INFO   Creating record (usr:437970062922612737,srv:445821876183367680,unm:fwoppydwisk)
00:06:54.135 JDA MainWS-ReadThread      n.d.j.a.hooks.InterfacedEventManager #handle                   L102   JDA                  ERROR  One of the EventListeners had an uncaught exception
java.lang.RuntimeException: java.sql.SQLException: Cannot get a connection, general error
	at net.hypr.doki.listeners.LevellingListener.onMessageReceived(LevellingListener.java:60)
	at net.dv8tion.jda.api.hooks.ListenerAdapter.onEvent(ListenerAdapter.java:456)
	at net.dv8tion.jda.api.hooks.InterfacedEventManager.handle(InterfacedEventManager.java:98)
	at net.dv8tion.jda.internal.hooks.EventManagerProxy.handleInternally(EventManagerProxy.java:88)
	at net.dv8tion.jda.internal.hooks.EventManagerProxy.handle(EventManagerProxy.java:70)
	at net.dv8tion.jda.internal.JDAImpl.handleEvent(JDAImpl.java:169)
	at net.dv8tion.jda.internal.handle.MessageCreateHandler.handleInternally(MessageCreateHandler.java:138)
	at net.dv8tion.jda.internal.handle.SocketHandler.handle(SocketHandler.java:39)
	at net.dv8tion.jda.internal.requests.WebSocketClient.onDispatch(WebSocketClient.java:1009)
	at net.dv8tion.jda.internal.requests.WebSocketClient.onEvent(WebSocketClient.java:892)
	at net.dv8tion.jda.internal.requests.WebSocketClient.handleEvent(WebSocketClient.java:870)
	at net.dv8tion.jda.internal.requests.WebSocketClient.onBinaryMessage(WebSocketClient.java:1048)
	at com.neovisionaries.ws.client.ListenerManager.callOnBinaryMessage(ListenerManager.java:385)
	at com.neovisionaries.ws.client.ReadingThread.callOnBinaryMessage(ReadingThread.java:276)
	at com.neovisionaries.ws.client.ReadingThread.handleBinaryFrame(ReadingThread.java:996)
	at com.neovisionaries.ws.client.ReadingThread.handleFrame(ReadingThread.java:755)
	at com.neovisionaries.ws.client.ReadingThread.main(ReadingThread.java:108)
	at com.neovisionaries.ws.client.ReadingThread.runMain(ReadingThread.java:64)
	at com.neovisionaries.ws.client.WebSocketThread.run(WebSocketThread.java:45)
Caused by: java.sql.SQLException: Cannot get a connection, general error
	at org.apache.commons.dbcp2.PoolingDataSource.getConnection(PoolingDataSource.java:151)
	at org.apache.commons.dbcp2.BasicDataSource.getConnection(BasicDataSource.java:714)
	at net.hypr.doki.utils.DBUtils.createUserRecord(DBUtils.java:60)
	at net.hypr.doki.listeners.LevellingListener.onMessageReceived(LevellingListener.java:58)
	... 18 common frames omitted
Caused by: java.lang.InterruptedException: null
	at java.base/java.util.concurrent.locks.AbstractQueuedSynchronizer$ConditionObject.await(AbstractQueuedSynchronizer.java:1611)
	at org.apache.commons.pool2.impl.LinkedBlockingDeque.takeFirst(LinkedBlockingDeque.java:1324)
	at org.apache.commons.pool2.impl.GenericObjectPool.borrowObject(GenericObjectPool.java:313)
	at org.apache.commons.pool2.impl.GenericObjectPool.borrowObject(GenericObjectPool.java:233)
	at org.apache.commons.dbcp2.PoolingDataSource.getConnection(PoolingDataSource.java:139)
	... 21 common frames omitted
00:06:54.508 JDA MainWS-ReadThread      net.hypr.doki.utils.DBUtils          #doesUserRecordExist      L39    DBUtils              DEBUG  Searching DB for (usr437970062922612737,srv:445821876183367680)
00:08:16.901 JDA Gateway-Worker 1       n.d.j.i.requests.WebSocketClient     #sendKeepAlive            L737   WebSocketClient      WARN   Missed 2 heartbeats! Trying to reconnect...
00:08:16.902 JDA MainWS-ReadThread      net.hypr.doki.utils.DBUtils          #doesUserRecordExist      L44    DBUtils              DEBUG  An SQL error occurred
00:08:16.903 JDA MainWS-ReadThread      n.h.doki.listeners.LevellingListener #onMessageReceived        L56    LevellingListener    INFO   No record of user ID 437970062922612737 in server 445821876183367680, creating blank record
00:08:16.903 JDA MainWS-ReadThread      net.hypr.doki.utils.DBUtils          #createUserRecord         L58    DBUtils              INFO   Creating record (usr:437970062922612737,srv:445821876183367680,unm:fwoppydwisk)
00:08:16.903 JDA MainWS-ReadThread      n.d.j.a.hooks.InterfacedEventManager #handle                   L102   JDA                  ERROR  One of the EventListeners had an uncaught exception
java.lang.RuntimeException: java.sql.SQLException: Cannot get a connection, general error
	at net.hypr.doki.listeners.LevellingListener.onMessageReceived(LevellingListener.java:60)
	at net.dv8tion.jda.api.hooks.ListenerAdapter.onEvent(ListenerAdapter.java:456)
	at net.dv8tion.jda.api.hooks.InterfacedEventManager.handle(InterfacedEventManager.java:98)
	at net.dv8tion.jda.internal.hooks.EventManagerProxy.handleInternally(EventManagerProxy.java:88)
	at net.dv8tion.jda.internal.hooks.EventManagerProxy.handle(EventManagerProxy.java:70)
	at net.dv8tion.jda.internal.JDAImpl.handleEvent(JDAImpl.java:169)
	at net.dv8tion.jda.internal.handle.MessageCreateHandler.handleInternally(MessageCreateHandler.java:138)
	at net.dv8tion.jda.internal.handle.SocketHandler.handle(SocketHandler.java:39)
	at net.dv8tion.jda.internal.requests.WebSocketClient.onDispatch(WebSocketClient.java:1009)
	at net.dv8tion.jda.internal.requests.WebSocketClient.onEvent(WebSocketClient.java:892)
	at net.dv8tion.jda.internal.requests.WebSocketClient.handleEvent(WebSocketClient.java:870)
	at net.dv8tion.jda.internal.requests.WebSocketClient.onBinaryMessage(WebSocketClient.java:1048)
	at com.neovisionaries.ws.client.ListenerManager.callOnBinaryMessage(ListenerManager.java:385)
	at com.neovisionaries.ws.client.ReadingThread.callOnBinaryMessage(ReadingThread.java:276)
	at com.neovisionaries.ws.client.ReadingThread.handleBinaryFrame(ReadingThread.java:996)
	at com.neovisionaries.ws.client.ReadingThread.handleFrame(ReadingThread.java:755)
	at com.neovisionaries.ws.client.ReadingThread.main(ReadingThread.java:108)
	at com.neovisionaries.ws.client.ReadingThread.runMain(ReadingThread.java:64)
	at com.neovisionaries.ws.client.WebSocketThread.run(WebSocketThread.java:45)
Caused by: java.sql.SQLException: Cannot get a connection, general error
	at org.apache.commons.dbcp2.PoolingDataSource.getConnection(PoolingDataSource.java:151)
	at org.apache.commons.dbcp2.BasicDataSource.getConnection(BasicDataSource.java:714)
	at net.hypr.doki.utils.DBUtils.createUserRecord(DBUtils.java:60)
	at net.hypr.doki.listeners.LevellingListener.onMessageReceived(LevellingListener.java:58)
	... 18 common frames omitted
Caused by: java.lang.InterruptedException: null
	at java.base/java.util.concurrent.locks.AbstractQueuedSynchronizer$ConditionObject.await(AbstractQueuedSynchronizer.java:1611)
	at org.apache.commons.pool2.impl.LinkedBlockingDeque.takeFirst(LinkedBlockingDeque.java:1324)
	at org.apache.commons.pool2.impl.GenericObjectPool.borrowObject(GenericObjectPool.java:313)
	at org.apache.commons.pool2.impl.GenericObjectPool.borrowObject(GenericObjectPool.java:233)
	at org.apache.commons.dbcp2.PoolingDataSource.getConnection(PoolingDataSource.java:139)
	... 21 common frames omitted
00:08:19.543 JDA MainWS-ReadThread      n.d.j.i.requests.WebSocketClient     #handleReconnect          L591   WebSocketClient      WARN   Got disconnected from WebSocket (Code 1000). Appending to reconnect queue
00:08:21.804 JDA MainWS-ReadThread      n.d.j.i.requests.WebSocketClient     #onConnected              L430   WebSocketClient      INFO   Connected to WebSocket
00:08:22.179 JDA MainWS-ReadThread      n.d.j.i.requests.WebSocketClient     #ready                    L216   JDA                  INFO   Finished (Re)Loading!
00:10:31.426 JDA MainWS-ReadThread      net.hypr.doki.utils.DBUtils          #doesUserRecordExist      L39    DBUtils              DEBUG  Searching DB for (usr437970062922612737,srv:445821876183367680)
00:12:29.320 JDA Gateway-Worker 1       n.d.j.i.requests.WebSocketClient     #sendKeepAlive            L737   WebSocketClient      WARN   Missed 2 heartbeats! Trying to reconnect...
00:12:29.324 JDA MainWS-ReadThread      net.hypr.doki.utils.DBUtils          #doesUserRecordExist      L44    DBUtils              DEBUG  An SQL error occurred
00:12:29.325 JDA MainWS-ReadThread      n.h.doki.listeners.LevellingListener #onMessageReceived        L56    LevellingListener    INFO   No record of user ID 437970062922612737 in server 445821876183367680, creating blank record
00:12:29.326 JDA MainWS-ReadThread      net.hypr.doki.utils.DBUtils          #createUserRecord         L58    DBUtils              INFO   Creating record (usr:437970062922612737,srv:445821876183367680,unm:fwoppydwisk)
00:12:29.326 JDA MainWS-ReadThread      n.d.j.a.hooks.InterfacedEventManager #handle                   L102   JDA                  ERROR  One of the EventListeners had an uncaught exception
java.lang.RuntimeException: java.sql.SQLException: Cannot get a connection, general error
	at net.hypr.doki.listeners.LevellingListener.onMessageReceived(LevellingListener.java:60)
	at net.dv8tion.jda.api.hooks.ListenerAdapter.onEvent(ListenerAdapter.java:456)
	at net.dv8tion.jda.api.hooks.InterfacedEventManager.handle(InterfacedEventManager.java:98)
	at net.dv8tion.jda.internal.hooks.EventManagerProxy.handleInternally(EventManagerProxy.java:88)
	at net.dv8tion.jda.internal.hooks.EventManagerProxy.handle(EventManagerProxy.java:70)
	at net.dv8tion.jda.internal.JDAImpl.handleEvent(JDAImpl.java:169)
	at net.dv8tion.jda.internal.handle.MessageCreateHandler.handleInternally(MessageCreateHandler.java:138)
	at net.dv8tion.jda.internal.handle.SocketHandler.handle(SocketHandler.java:39)
	at net.dv8tion.jda.internal.requests.WebSocketClient.onDispatch(WebSocketClient.java:1009)
	at net.dv8tion.jda.internal.requests.WebSocketClient.onEvent(WebSocketClient.java:892)
	at net.dv8tion.jda.internal.requests.WebSocketClient.handleEvent(WebSocketClient.java:870)
	at net.dv8tion.jda.internal.requests.WebSocketClient.onBinaryMessage(WebSocketClient.java:1048)
	at com.neovisionaries.ws.client.ListenerManager.callOnBinaryMessage(ListenerManager.java:385)
	at com.neovisionaries.ws.client.ReadingThread.callOnBinaryMessage(ReadingThread.java:276)
	at com.neovisionaries.ws.client.ReadingThread.handleBinaryFrame(ReadingThread.java:996)
	at com.neovisionaries.ws.client.ReadingThread.handleFrame(ReadingThread.java:755)
	at com.neovisionaries.ws.client.ReadingThread.main(ReadingThread.java:108)
	at com.neovisionaries.ws.client.ReadingThread.runMain(ReadingThread.java:64)
	at com.neovisionaries.ws.client.WebSocketThread.run(WebSocketThread.java:45)
Caused by: java.sql.SQLException: Cannot get a connection, general error
	at org.apache.commons.dbcp2.PoolingDataSource.getConnection(PoolingDataSource.java:151)
	at org.apache.commons.dbcp2.BasicDataSource.getConnection(BasicDataSource.java:714)
	at net.hypr.doki.utils.DBUtils.createUserRecord(DBUtils.java:60)
	at net.hypr.doki.listeners.LevellingListener.onMessageReceived(LevellingListener.java:58)
	... 18 common frames omitted
Caused by: java.lang.InterruptedException: null
	at java.base/java.util.concurrent.locks.AbstractQueuedSynchronizer$ConditionObject.await(AbstractQueuedSynchronizer.java:1611)
	at org.apache.commons.pool2.impl.LinkedBlockingDeque.takeFirst(LinkedBlockingDeque.java:1324)
	at org.apache.commons.pool2.impl.GenericObjectPool.borrowObject(GenericObjectPool.java:313)
	at org.apache.commons.pool2.impl.GenericObjectPool.borrowObject(GenericObjectPool.java:233)
	at org.apache.commons.dbcp2.PoolingDataSource.getConnection(PoolingDataSource.java:139)
	... 21 common frames omitted
00:21:26.676 JDA MainWS-ReadThread      net.hypr.doki.utils.DBUtils          #doesUserRecordExist      L39    DBUtils              DEBUG  Searching DB for (usr419880181101232129,srv:445821876183367680)
00:23:29.574 JDA Gateway-Worker 1       n.d.j.i.requests.WebSocketClient     #sendKeepAlive            L737   WebSocketClient      WARN   Missed 2 heartbeats! Trying to reconnect...
00:23:29.576 JDA MainWS-ReadThread      net.hypr.doki.utils.DBUtils          #doesUserRecordExist      L44    DBUtils              DEBUG  An SQL error occurred
00:23:29.576 JDA MainWS-ReadThread      n.h.doki.listeners.LevellingListener #onMessageReceived        L56    LevellingListener    INFO   No record of user ID 419880181101232129 in server 445821876183367680, creating blank record
00:23:29.576 JDA MainWS-ReadThread      net.hypr.doki.utils.DBUtils          #createUserRecord         L58    DBUtils              INFO   Creating record (usr:419880181101232129,srv:445821876183367680,unm:notashelf)
00:23:29.576 JDA MainWS-ReadThread      n.d.j.a.hooks.InterfacedEventManager #handle                   L102   JDA                  ERROR  One of the EventListeners had an uncaught exception
java.lang.RuntimeException: java.sql.SQLException: Cannot get a connection, general error
	at net.hypr.doki.listeners.LevellingListener.onMessageReceived(LevellingListener.java:60)
	at net.dv8tion.jda.api.hooks.ListenerAdapter.onEvent(ListenerAdapter.java:456)
	at net.dv8tion.jda.api.hooks.InterfacedEventManager.handle(InterfacedEventManager.java:98)
	at net.dv8tion.jda.internal.hooks.EventManagerProxy.handleInternally(EventManagerProxy.java:88)
	at net.dv8tion.jda.internal.hooks.EventManagerProxy.handle(EventManagerProxy.java:70)
	at net.dv8tion.jda.internal.JDAImpl.handleEvent(JDAImpl.java:169)
	at net.dv8tion.jda.internal.handle.MessageCreateHandler.handleInternally(MessageCreateHandler.java:138)
	at net.dv8tion.jda.internal.handle.SocketHandler.handle(SocketHandler.java:39)
	at net.dv8tion.jda.internal.requests.WebSocketClient.onDispatch(WebSocketClient.java:1009)
	at net.dv8tion.jda.internal.requests.WebSocketClient.onEvent(WebSocketClient.java:892)
	at net.dv8tion.jda.internal.requests.WebSocketClient.handleEvent(WebSocketClient.java:870)
	at net.dv8tion.jda.internal.requests.WebSocketClient.onBinaryMessage(WebSocketClient.java:1048)
	at com.neovisionaries.ws.client.ListenerManager.callOnBinaryMessage(ListenerManager.java:385)
	at com.neovisionaries.ws.client.ReadingThread.callOnBinaryMessage(ReadingThread.java:276)
	at com.neovisionaries.ws.client.ReadingThread.handleBinaryFrame(ReadingThread.java:996)
	at com.neovisionaries.ws.client.ReadingThread.handleFrame(ReadingThread.java:755)
	at com.neovisionaries.ws.client.ReadingThread.main(ReadingThread.java:108)
	at com.neovisionaries.ws.client.ReadingThread.runMain(ReadingThread.java:64)
	at com.neovisionaries.ws.client.WebSocketThread.run(WebSocketThread.java:45)
Caused by: java.sql.SQLException: Cannot get a connection, general error
	at org.apache.commons.dbcp2.PoolingDataSource.getConnection(PoolingDataSource.java:151)
	at org.apache.commons.dbcp2.BasicDataSource.getConnection(BasicDataSource.java:714)
	at net.hypr.doki.utils.DBUtils.createUserRecord(DBUtils.java:60)
	at net.hypr.doki.listeners.LevellingListener.onMessageReceived(LevellingListener.java:58)
	... 18 common frames omitted
Caused by: java.lang.InterruptedException: null
	at java.base/java.util.concurrent.locks.AbstractQueuedSynchronizer$ConditionObject.await(AbstractQueuedSynchronizer.java:1611)
	at org.apache.commons.pool2.impl.LinkedBlockingDeque.takeFirst(LinkedBlockingDeque.java:1324)
	at org.apache.commons.pool2.impl.GenericObjectPool.borrowObject(GenericObjectPool.java:313)
	at org.apache.commons.pool2.impl.GenericObjectPool.borrowObject(GenericObjectPool.java:233)
	at org.apache.commons.dbcp2.PoolingDataSource.getConnection(PoolingDataSource.java:139)
	... 21 common frames omitted
00:23:29.950 JDA MainWS-ReadThread      net.hypr.doki.utils.DBUtils          #doesUserRecordExist      L39    DBUtils              DEBUG  Searching DB for (usr419880181101232129,srv:445821876183367680)
